<?xml version="1.0" encoding="UTF-8"?>
<testng-results ignored="0" total="1" passed="1" failed="0" skipped="0">
  <reporter-output>
  </reporter-output>
  <suite started-at="2025-04-06T15:19:11 IST" name="Suite" finished-at="2025-04-06T15:19:45 IST" duration-ms="34151">
    <groups>
    </groups>
    <test started-at="2025-04-06T15:19:11 IST" name="Test" finished-at="2025-04-06T15:19:45 IST" duration-ms="34151">
      <class name="PackageMaven.ProjectMaven.TC1">
        <test-method is-config="true" signature="launch()[pri:0, instance:PackageMaven.ProjectMaven.TC1@1189dd52]" started-at="2025-04-06T15:19:11 IST" name="launch" finished-at="2025-04-06T15:19:17 IST" duration-ms="5616" status="PASS">
          <reporter-output>
          </reporter-output>
        </test-method> <!-- launch -->
        <test-method signature="login_search_wishlist_cart_logout()[pri:0, instance:PackageMaven.ProjectMaven.TC1@1189dd52]" started-at="2025-04-06T15:19:17 IST" name="login_search_wishlist_cart_logout" finished-at="2025-04-06T15:19:35 IST" duration-ms="18197" status="PASS">
          <reporter-output>
          </reporter-output>
        </test-method> <!-- login_search_wishlist_cart_logout -->
        <test-method is-config="true" signature="quit()[pri:0, instance:PackageMaven.ProjectMaven.TC1@1189dd52]" started-at="2025-04-06T15:19:35 IST" name="quit" finished-at="2025-04-06T15:19:45 IST" duration-ms="10290" status="PASS">
          <reporter-output>
          </reporter-output>
        </test-method> <!-- quit -->
      </class> <!-- PackageMaven.ProjectMaven.TC1 -->
    </test> <!-- Test -->
  </suite> <!-- Suite -->
</testng-results>
