<?xml version="1.0" encoding="UTF-8"?>
<testng-results ignored="0" total="1" passed="1" failed="0" skipped="0">
  <reporter-output>
  </reporter-output>
  <suite started-at="2025-04-05T14:11:33 IST" name="Default suite" finished-at="2025-04-05T14:12:01 IST" duration-ms="28456">
    <groups>
    </groups>
    <test started-at="2025-04-05T14:11:33 IST" name="Default test" finished-at="2025-04-05T14:12:01 IST" duration-ms="28456">
      <class name="PackageMaven.ProjectMaven.TC1">
        <test-method is-config="true" signature="launch()[pri:0, instance:PackageMaven.ProjectMaven.TC1@72967906]" started-at="2025-04-05T14:11:33 IST" name="launch" finished-at="2025-04-05T14:11:39 IST" duration-ms="6391" status="PASS">
          <reporter-output>
          </reporter-output>
        </test-method> <!-- launch -->
        <test-method signature="login_search_wishlist_cart_logout()[pri:0, instance:PackageMaven.ProjectMaven.TC1@72967906]" started-at="2025-04-05T14:11:39 IST" name="login_search_wishlist_cart_logout" finished-at="2025-04-05T14:11:50 IST" duration-ms="10583" status="PASS">
          <reporter-output>
          </reporter-output>
        </test-method> <!-- login_search_wishlist_cart_logout -->
        <test-method is-config="true" signature="quit()[pri:0, instance:PackageMaven.ProjectMaven.TC1@72967906]" started-at="2025-04-05T14:11:50 IST" name="quit" finished-at="2025-04-05T14:12:01 IST" duration-ms="11436" status="PASS">
          <reporter-output>
          </reporter-output>
        </test-method> <!-- quit -->
      </class> <!-- PackageMaven.ProjectMaven.TC1 -->
    </test> <!-- Default test -->
  </suite> <!-- Default suite -->
</testng-results>
